<?xml version="1.0" encoding="UTF-8"?>
<!-- Generated by org.testng.reporters.JUnitReportReporter -->
<testsuite hostname="LAPTOP-1J3MVQTD" failures="0" tests="1" name="com.qa.testscript.AmazonSearch" time="23.986" errors="0" timestamp="2021-08-24T10:47:46 IST" skipped="0">
  <testcase classname="com.qa.testscript.AmazonSearch" name="Search" time="23.986"/>
  <system-out/>
</testsuite> <!-- com.qa.testscript.AmazonSearch -->
