<?xml version="1.0" encoding="UTF-8"?>
<!-- Generated by org.testng.reporters.JUnitReportReporter -->
<testsuite hostname="LAPTOP-1J3MVQTD" failures="0" tests="3" name="com.qa.testscript.Amazon_Screenshots" time="22.599" errors="0" timestamp="2021-08-27T13:38:41 IST" skipped="0">
  <testcase classname="com.qa.testscript.Amazon_Screenshots" name="screenshotOfElement" time="2.980"/>
  <system-out/>
  <testcase classname="com.qa.testscript.Amazon_Screenshots" name="screenshotOfDriver" time="2.845"/>
  <system-out/>
  <testcase classname="com.qa.testscript.Amazon_Screenshots" name="screenshotOfFullPage" time="16.774"/>
  <system-out/>
</testsuite> <!-- com.qa.testscript.Amazon_Screenshots -->
